Arguments: 
  /usr/local/bin/node /Users/aron/.yarn/bin/yarn.js

PATH: 
  /Users/aron/.yarn/bin:/Users/aron/.config/yarn/global/node_modules/.bin:/usr/local/opt/openal-soft/bin:/usr/local/bin:/usr/bin:/bin:/usr/sbin:/sbin:/opt/X11/bin:/Users/aron/.yarn/bin:/Users/aron/.config/yarn/global/node_modules/.bin:/usr/local/opt/openal-soft/bin

Yarn version: 
  1.19.1

Node version: 
  12.8.1

Platform: 
  darwin x64

Trace: 
  SyntaxError: /Users/aron/IdeaProjects/st-material/package.json: Unexpected token } in JSON at position 1249
      at JSON.parse (<anonymous>)
      at /Users/aron/.yarn/lib/cli.js:1625:59
      at Generator.next (<anonymous>)
      at step (/Users/aron/.yarn/lib/cli.js:304:30)
      at /Users/aron/.yarn/lib/cli.js:315:13

npm manifest: 
  {
    "name": "st-material",
    "scripts": {
      "generate": "ts-node script/generate/index.ts",
      "prebuild": "st-rm-rf dist",
      "build": "tsc",
      "start:prod": "st-start -e production",
      "start": "st-start"
    },
    "author": "Aron Homberg <info@aron-homberg.de>, Michael Mannseicher <m.mansi1@gmx.net>",
    "license": "MIT",
    "devDependencies": {
      "@material/top-app-bar": "^4.0.0",
      "@types/node": "^12.12.6",
      "autoprefixer": "^9.7.1",
      "chalk": "^2.4.2",
      "dts-css-modules-loader": "^1.0.1",
      "lost": "^8.3.1",
      "mustache": "^3.1.0",
      "node-notifier": "^6.0.0",
      "node-sass": "^4.13.0",
      "postcss-flexbugs-fixes": "^4.1.0",
      "postcss-loader": "^3.0.0",
      "postcss-nested": "^4.2.1",
      "postcss-normalize": "^8.0.1",
      "postcss-preset-env": "^6.7.0",
      "postcss-safe-parser": "^4.0.1",
      "raw-loader": "^3.1.0",
      "resolve-url-loader": "^3.1.0",
      "sass-loader": "^8.0.0",
      "springtype": "2.0.0-alpha.1.19",
      "st-rm-rf": "^2.0.0-alpha.8",
      "superagent": "^5.1.0",
      "ts-node": "^8.4.1",
      "typescript": "^3.7.2",
      "webpack-bundle-analyzer": "^3.6.0",
      "xml2js": "^0.4.22"
    },
    "dependencies": {
      "material-components-web": "^4.0.0",
      "st-start": "^2.0.0-beta.20",
    }
  }

yarn manifest: 
  No manifest

Lockfile: 
  No lockfile
